# JRE version: Java(TM) SE Runtime Environment (8.0_40-b25) (build 1.8.0_40-b25)
# Java VM: Java HotSpot(TM) 64-Bit Server VM (25.40-b25 mixed mode windows-amd64 compressed oops)
Heap:
 PSYoungGen      total 80896K, used 19342K [0x00000000eab00000, 0x00000000f0400000, 0x0000000100000000)
  eden space 73728K, 18% used [0x00000000eab00000,0x00000000eb8a61d0,0x00000000ef300000)
  from space 7168K, 74% used [0x00000000efd00000,0x00000000f023d7d8,0x00000000f0400000)
  to   space 8704K, 0% used [0x00000000ef300000,0x00000000ef300000,0x00000000efb80000)
 ParOldGen       total 33792K, used 14004K [0x00000000c0000000, 0x00000000c2100000, 0x00000000eab00000)
  object space 33792K, 41% used [0x00000000c0000000,0x00000000c0dad058,0x00000000c2100000)
 Metaspace       used 29933K, capacity 30518K, committed 30848K, reserved 1075200K
  class space    used 3997K, capacity 4156K, committed 4224K, reserved 1048576K
GC Heap History (10 events):
Event: 11.904 GC heap before
{Heap before GC invocations=13 (full 1):
 PSYoungGen      total 30208K, used 22944K [0x00000000eab00000, 0x00000000edb00000, 0x0000000100000000)
  eden space 22528K, 100% used [0x00000000eab00000,0x00000000ec100000,0x00000000ec100000)
  from space 7680K, 5% used [0x00000000ec100000,0x00000000ec168020,0x00000000ec880000)
  to   space 7680K, 0% used [0x00000000ed380000,0x00000000ed380000,0x00000000edb00000)
 ParOldGen       total 33792K, used 8855K [0x00000000c0000000, 0x00000000c2100000, 0x00000000eab00000)
  object space 33792K, 26% used [0x00000000c0000000,0x00000000c08a5ff8,0x00000000c2100000)
 Metaspace       used 21148K, capacity 21534K, committed 21888K, reserved 1069056K
  class space    used 2749K, capacity 2885K, committed 2944K, reserved 1048576K
Event: 11.907 GC heap after
Heap after GC invocations=13 (full 1):
 PSYoungGen      total 41472K, used 288K [0x00000000eab00000, 0x00000000edb00000, 0x0000000100000000)
  eden space 33792K, 0% used [0x00000000eab00000,0x00000000eab00000,0x00000000ecc00000)
  from space 7680K, 3% used [0x00000000ed380000,0x00000000ed3c8000,0x00000000edb00000)
  to   space 7680K, 0% used [0x00000000ecc00000,0x00000000ecc00000,0x00000000ed380000)
 ParOldGen       total 33792K, used 9208K [0x00000000c0000000, 0x00000000c2100000, 0x00000000eab00000)
  object space 33792K, 27% used [0x00000000c0000000,0x00000000c08fe018,0x00000000c2100000)
 Metaspace       used 21148K, capacity 21534K, committed 21888K, reserved 1069056K
  class space    used 2749K, capacity 2885K, committed 2944K, reserved 1048576K
}
Event: 12.067 GC heap before
{Heap before GC invocations=14 (full 1):
 PSYoungGen      total 41472K, used 34080K [0x00000000eab00000, 0x00000000edb00000, 0x0000000100000000)
  eden space 33792K, 100% used [0x00000000eab00000,0x00000000ecc00000,0x00000000ecc00000)
  from space 7680K, 3% used [0x00000000ed380000,0x00000000ed3c8000,0x00000000edb00000)
  to   space 7680K, 0% used [0x00000000ecc00000,0x00000000ecc00000,0x00000000ed380000)
 ParOldGen       total 33792K, used 9208K [0x00000000c0000000, 0x00000000c2100000, 0x00000000eab00000)
  object space 33792K, 27% used [0x00000000c0000000,0x00000000c08fe018,0x00000000c2100000)
 Metaspace       used 21151K, capacity 21534K, committed 21888K, reserved 1069056K
  class space    used 2749K, capacity 2885K, committed 2944K, reserved 1048576K
Event: 12.072 GC heap after
Heap after GC invocations=14 (full 1):
 PSYoungGen      total 41472K, used 384K [0x00000000eab00000, 0x00000000eeb80000, 0x0000000100000000)
  eden space 33792K, 0% used [0x00000000eab00000,0x00000000eab00000,0x00000000ecc00000)
  from space 7680K, 5% used [0x00000000ecc00000,0x00000000ecc60010,0x00000000ed380000)
  to   space 7680K, 0% used [0x00000000ee400000,0x00000000ee400000,0x00000000eeb80000)
 ParOldGen       total 33792K, used 9472K [0x00000000c0000000, 0x00000000c2100000, 0x00000000eab00000)
  object space 33792K, 28% used [0x00000000c0000000,0x00000000c0940018,0x00000000c2100000)
 Metaspace       used 21151K, capacity 21534K, committed 21888K, reserved 1069056K
  class space    used 2749K, capacity 2885K, committed 2944K, reserved 1048576K
}
Event: 12.258 GC heap before
{Heap before GC invocations=15 (full 1):
 PSYoungGen      total 41472K, used 34176K [0x00000000eab00000, 0x00000000eeb80000, 0x0000000100000000)
  eden space 33792K, 100% used [0x00000000eab00000,0x00000000ecc00000,0x00000000ecc00000)
  from space 7680K, 5% used [0x00000000ecc00000,0x00000000ecc60010,0x00000000ed380000)
  to   space 7680K, 0% used [0x00000000ee400000,0x00000000ee400000,0x00000000eeb80000)
 ParOldGen       total 33792K, used 9472K [0x00000000c0000000, 0x00000000c2100000, 0x00000000eab00000)
  object space 33792K, 28% used [0x00000000c0000000,0x00000000c0940018,0x00000000c2100000)
 Metaspace       used 21159K, capacity 21534K, committed 21888K, reserved 1069056K
  class space    used 2750K, capacity 2885K, committed 2944K, reserved 1048576K
Event: 12.264 GC heap after
Heap after GC invocations=15 (full 1):
 PSYoungGen      total 58368K, used 544K [0x00000000eab00000, 0x00000000eeb80000, 0x0000000100000000)
  eden space 50688K, 0% used [0x00000000eab00000,0x00000000eab00000,0x00000000edc80000)
  from space 7680K, 7% used [0x00000000ee400000,0x00000000ee488000,0x00000000eeb80000)
  to   space 7680K, 0% used [0x00000000edc80000,0x00000000edc80000,0x00000000ee400000)
 ParOldGen       total 33792K, used 9832K [0x00000000c0000000, 0x00000000c2100000, 0x00000000eab00000)
  object space 33792K, 29% used [0x00000000c0000000,0x00000000c099a028,0x00000000c2100000)
 Metaspace       used 21159K, capacity 21534K, committed 21888K, reserved 1069056K
  class space    used 2750K, capacity 2885K, committed 2944K, reserved 1048576K
}
Event: 15.210 GC heap before
{Heap before GC invocations=16 (full 1):
 PSYoungGen      total 58368K, used 51232K [0x00000000eab00000, 0x00000000eeb80000, 0x0000000100000000)
  eden space 50688K, 100% used [0x00000000eab00000,0x00000000edc80000,0x00000000edc80000)
  from space 7680K, 7% used [0x00000000ee400000,0x00000000ee488000,0x00000000eeb80000)
  to   space 7680K, 0% used [0x00000000edc80000,0x00000000edc80000,0x00000000ee400000)
 ParOldGen       total 33792K, used 9832K [0x00000000c0000000, 0x00000000c2100000, 0x00000000eab00000)
  object space 33792K, 29% used [0x00000000c0000000,0x00000000c099a028,0x00000000c2100000)
 Metaspace       used 24404K, capacity 24868K, committed 25216K, reserved 1071104K
  class space    used 3198K, capacity 3367K, committed 3456K, reserved 1048576K
Event: 15.224 GC heap after
Heap after GC invocations=16 (full 1):
 PSYoungGen      total 58368K, used 6298K [0x00000000eab00000, 0x00000000f0580000, 0x0000000100000000)
  eden space 50688K, 0% used [0x00000000eab00000,0x00000000eab00000,0x00000000edc80000)
  from space 7680K, 82% used [0x00000000edc80000,0x00000000ee2a6890,0x00000000ee400000)
  to   space 8704K, 0% used [0x00000000efd00000,0x00000000efd00000,0x00000000f0580000)
 ParOldGen       total 33792K, used 10360K [0x00000000c0000000, 0x00000000c2100000, 0x00000000eab00000)
  object space 33792K, 30% used [0x00000000c0000000,0x00000000c0a1e028,0x00000000c2100000)
 Metaspace       used 24404K, capacity 24868K, committed 25216K, reserved 1071104K
  class space    used 3198K, capacity 3367K, committed 3456K, reserved 1048576K
}
Event: 18.269 GC heap before
{Heap before GC invocations=17 (full 1):
 PSYoungGen      total 58368K, used 56986K [0x00000000eab00000, 0x00000000f0580000, 0x0000000100000000)
  eden space 50688K, 100% used [0x00000000eab00000,0x00000000edc80000,0x00000000edc80000)
  from space 7680K, 82% used [0x00000000edc80000,0x00000000ee2a6890,0x00000000ee400000)
  to   space 8704K, 0% used [0x00000000efd00000,0x00000000efd00000,0x00000000f0580000)
 ParOldGen       total 33792K, used 10360K [0x00000000c0000000, 0x00000000c2100000, 0x00000000eab00000)
  object space 33792K, 30% used [0x00000000c0000000,0x00000000c0a1e028,0x00000000c2100000)
 Metaspace       used 28059K, capacity 28638K, committed 28800K, reserved 1075200K
  class space    used 3801K, capacity 3960K, committed 3968K, reserved 1048576K
Event: 18.281 GC heap after
Heap after GC invocations=17 (full 1):
 PSYoungGen      total 80896K, used 5365K [0x00000000eab00000, 0x00000000f0400000, 0x0000000100000000)
  eden space 73728K, 0% used [0x00000000eab00000,0x00000000eab00000,0x00000000ef300000)
  from space 7168K, 74% used [0x00000000efd00000,0x00000000f023d7d8,0x00000000f0400000)
  to   space 8704K, 0% used [0x00000000ef300000,0x00000000ef300000,0x00000000efb80000)
 ParOldGen       total 33792K, used 14004K [0x00000000c0000000, 0x00000000c2100000, 0x00000000eab00000)
  object space 33792K, 41% used [0x00000000c0000000,0x00000000c0dad058,0x00000000c2100000)
 Metaspace       used 28059K, capacity 28638K, committed 28800K, reserved 1075200K
  class space    used 3801K, capacity 3960K, committed 3968K, reserved 1048576K
}

