# JRE version: Java(TM) SE Runtime Environment (8.0_40-b25) (build 1.8.0_40-b25)
# Java VM: Java HotSpot(TM) 64-Bit Server VM (25.40-b25 mixed mode windows-amd64 compressed oops)
Heap:
 PSYoungGen      total 116224K, used 66926K [0x00000000eab00000, 0x00000000f2a80000, 0x0000000100000000)
  eden space 101888K, 65% used [0x00000000eab00000,0x00000000eec5ba80,0x00000000f0e80000)
  from space 14336K, 0% used [0x00000000f1c80000,0x00000000f1c80000,0x00000000f2a80000)
  to   space 14336K, 0% used [0x00000000f0e80000,0x00000000f0e80000,0x00000000f1c80000)
 ParOldGen       total 100352K, used 59360K [0x00000000c0000000, 0x00000000c6200000, 0x00000000eab00000)
  object space 100352K, 59% used [0x00000000c0000000,0x00000000c39f81e8,0x00000000c6200000)
 Metaspace       used 62416K, capacity 66818K, committed 66944K, reserved 1107968K
  class space    used 8371K, capacity 9026K, committed 9088K, reserved 1048576K
GC Heap History (10 events):
Event: 1329.628 GC heap before
{Heap before GC invocations=44 (full 6):
 PSYoungGen      total 92672K, used 86080K [0x00000000eab00000, 0x00000000f1380000, 0x0000000100000000)
  eden space 81408K, 100% used [0x00000000eab00000,0x00000000efa80000,0x00000000efa80000)
  from space 11264K, 41% used [0x00000000efa80000,0x00000000eff10050,0x00000000f0580000)
  to   space 10752K, 0% used [0x00000000f0900000,0x00000000f0900000,0x00000000f1380000)
 ParOldGen       total 56320K, used 46042K [0x00000000c0000000, 0x00000000c3700000, 0x00000000eab00000)
  object space 56320K, 81% used [0x00000000c0000000,0x00000000c2cf68c8,0x00000000c3700000)
 Metaspace       used 56148K, capacity 60138K, committed 60288K, reserved 1101824K
  class space    used 7478K, capacity 8059K, committed 8064K, reserved 1048576K
Event: 1329.635 GC heap after
Heap after GC invocations=44 (full 6):
 PSYoungGen      total 96768K, used 4528K [0x00000000eab00000, 0x00000000f1c80000, 0x0000000100000000)
  eden space 86016K, 0% used [0x00000000eab00000,0x00000000eab00000,0x00000000eff00000)
  from space 10752K, 42% used [0x00000000f0900000,0x00000000f0d6c070,0x00000000f1380000)
  to   space 10240K, 0% used [0x00000000eff00000,0x00000000eff00000,0x00000000f0900000)
 ParOldGen       total 56320K, used 46050K [0x00000000c0000000, 0x00000000c3700000, 0x00000000eab00000)
  object space 56320K, 81% used [0x00000000c0000000,0x00000000c2cf88c8,0x00000000c3700000)
 Metaspace       used 56148K, capacity 60138K, committed 60288K, reserved 1101824K
  class space    used 7478K, capacity 8059K, committed 8064K, reserved 1048576K
}
Event: 1332.163 GC heap before
{Heap before GC invocations=45 (full 6):
 PSYoungGen      total 96768K, used 90544K [0x00000000eab00000, 0x00000000f1c80000, 0x0000000100000000)
  eden space 86016K, 100% used [0x00000000eab00000,0x00000000eff00000,0x00000000eff00000)
  from space 10752K, 42% used [0x00000000f0900000,0x00000000f0d6c070,0x00000000f1380000)
  to   space 10240K, 0% used [0x00000000eff00000,0x00000000eff00000,0x00000000f0900000)
 ParOldGen       total 56320K, used 46050K [0x00000000c0000000, 0x00000000c3700000, 0x00000000eab00000)
  object space 56320K, 81% used [0x00000000c0000000,0x00000000c2cf88c8,0x00000000c3700000)
 Metaspace       used 61278K, capacity 65526K, committed 65792K, reserved 1105920K
  class space    used 8228K, capacity 8848K, committed 8960K, reserved 1048576K
Event: 1332.196 GC heap after
Heap after GC invocations=45 (full 6):
 PSYoungGen      total 96256K, used 10240K [0x00000000eab00000, 0x00000000f2a80000, 0x0000000100000000)
  eden space 86016K, 0% used [0x00000000eab00000,0x00000000eab00000,0x00000000eff00000)
  from space 10240K, 100% used [0x00000000eff00000,0x00000000f0900000,0x00000000f0900000)
  to   space 14336K, 0% used [0x00000000f1c80000,0x00000000f1c80000,0x00000000f2a80000)
 ParOldGen       total 56320K, used 52936K [0x00000000c0000000, 0x00000000c3700000, 0x00000000eab00000)
  object space 56320K, 93% used [0x00000000c0000000,0x00000000c33b21d8,0x00000000c3700000)
 Metaspace       used 61278K, capacity 65526K, committed 65792K, reserved 1105920K
  class space    used 8228K, capacity 8848K, committed 8960K, reserved 1048576K
}
Event: 1332.196 GC heap before
{Heap before GC invocations=46 (full 7):
 PSYoungGen      total 96256K, used 10240K [0x00000000eab00000, 0x00000000f2a80000, 0x0000000100000000)
  eden space 86016K, 0% used [0x00000000eab00000,0x00000000eab00000,0x00000000eff00000)
  from space 10240K, 100% used [0x00000000eff00000,0x00000000f0900000,0x00000000f0900000)
  to   space 14336K, 0% used [0x00000000f1c80000,0x00000000f1c80000,0x00000000f2a80000)
 ParOldGen       total 56320K, used 52936K [0x00000000c0000000, 0x00000000c3700000, 0x00000000eab00000)
  object space 56320K, 93% used [0x00000000c0000000,0x00000000c33b21d8,0x00000000c3700000)
 Metaspace       used 61278K, capacity 65526K, committed 65792K, reserved 1105920K
  class space    used 8228K, capacity 8848K, committed 8960K, reserved 1048576K
Event: 1332.673 GC heap after
Heap after GC invocations=46 (full 7):
 PSYoungGen      total 96256K, used 2414K [0x00000000eab00000, 0x00000000f2a80000, 0x0000000100000000)
  eden space 86016K, 0% used [0x00000000eab00000,0x00000000eab00000,0x00000000eff00000)
  from space 10240K, 23% used [0x00000000eff00000,0x00000000f015ba18,0x00000000f0900000)
  to   space 14336K, 0% used [0x00000000f1c80000,0x00000000f1c80000,0x00000000f2a80000)
 ParOldGen       total 100352K, used 56000K [0x00000000c0000000, 0x00000000c6200000, 0x00000000eab00000)
  object space 100352K, 55% used [0x00000000c0000000,0x00000000c36b0138,0x00000000c6200000)
 Metaspace       used 60974K, capacity 65140K, committed 65792K, reserved 1105920K
  class space    used 8141K, capacity 8747K, committed 8960K, reserved 1048576K
}
Event: 1333.542 GC heap before
{Heap before GC invocations=47 (full 7):
 PSYoungGen      total 96256K, used 59063K [0x00000000eab00000, 0x00000000f2a80000, 0x0000000100000000)
  eden space 86016K, 65% used [0x00000000eab00000,0x00000000ee2522b0,0x00000000eff00000)
  from space 10240K, 23% used [0x00000000eff00000,0x00000000f015ba18,0x00000000f0900000)
  to   space 14336K, 0% used [0x00000000f1c80000,0x00000000f1c80000,0x00000000f2a80000)
 ParOldGen       total 100352K, used 56000K [0x00000000c0000000, 0x00000000c6200000, 0x00000000eab00000)
  object space 100352K, 55% used [0x00000000c0000000,0x00000000c36b0138,0x00000000c6200000)
 Metaspace       used 62310K, capacity 66674K, committed 66944K, reserved 1107968K
  class space    used 8353K, capacity 9008K, committed 9088K, reserved 1048576K
Event: 1333.564 GC heap after
Heap after GC invocations=47 (full 7):
 PSYoungGen      total 116224K, used 8188K [0x00000000eab00000, 0x00000000f2a80000, 0x0000000100000000)
  eden space 101888K, 0% used [0x00000000eab00000,0x00000000eab00000,0x00000000f0e80000)
  from space 14336K, 57% used [0x00000000f1c80000,0x00000000f247f1c0,0x00000000f2a80000)
  to   space 14336K, 0% used [0x00000000f0e80000,0x00000000f0e80000,0x00000000f1c80000)
 ParOldGen       total 100352K, used 56008K [0x00000000c0000000, 0x00000000c6200000, 0x00000000eab00000)
  object space 100352K, 55% used [0x00000000c0000000,0x00000000c36b2138,0x00000000c6200000)
 Metaspace       used 62310K, capacity 66674K, committed 66944K, reserved 1107968K
  class space    used 8353K, capacity 9008K, committed 9088K, reserved 1048576K
}
Event: 1333.564 GC heap before
{Heap before GC invocations=48 (full 8):
 PSYoungGen      total 116224K, used 8188K [0x00000000eab00000, 0x00000000f2a80000, 0x0000000100000000)
  eden space 101888K, 0% used [0x00000000eab00000,0x00000000eab00000,0x00000000f0e80000)
  from space 14336K, 57% used [0x00000000f1c80000,0x00000000f247f1c0,0x00000000f2a80000)
  to   space 14336K, 0% used [0x00000000f0e80000,0x00000000f0e80000,0x00000000f1c80000)
 ParOldGen       total 100352K, used 56008K [0x00000000c0000000, 0x00000000c6200000, 0x00000000eab00000)
  object space 100352K, 55% used [0x00000000c0000000,0x00000000c36b2138,0x00000000c6200000)
 Metaspace       used 62310K, capacity 66674K, committed 66944K, reserved 1107968K
  class space    used 8353K, capacity 9008K, committed 9088K, reserved 1048576K
Event: 1334.009 GC heap after
Heap after GC invocations=48 (full 8):
 PSYoungGen      total 116224K, used 0K [0x00000000eab00000, 0x00000000f2a80000, 0x0000000100000000)
  eden space 101888K, 0% used [0x00000000eab00000,0x00000000eab00000,0x00000000f0e80000)
  from space 14336K, 0% used [0x00000000f1c80000,0x00000000f1c80000,0x00000000f2a80000)
  to   space 14336K, 0% used [0x00000000f0e80000,0x00000000f0e80000,0x00000000f1c80000)
 ParOldGen       total 100352K, used 59360K [0x00000000c0000000, 0x00000000c6200000, 0x00000000eab00000)
  object space 100352K, 59% used [0x00000000c0000000,0x00000000c39f81e8,0x00000000c6200000)
 Metaspace       used 62310K, capacity 66674K, committed 66944K, reserved 1107968K
  class space    used 8353K, capacity 9008K, committed 9088K, reserved 1048576K
}

