# JRE version: Java(TM) SE Runtime Environment (8.0_40-b25) (build 1.8.0_40-b25)
# Java VM: Java HotSpot(TM) 64-Bit Server VM (25.40-b25 mixed mode windows-amd64 compressed oops)
Heap:
 PSYoungGen      total 103936K, used 57191K [0x00000000eab00000, 0x00000000f1a00000, 0x0000000100000000)
  eden space 96256K, 53% used [0x00000000eab00000,0x00000000edd0f4b8,0x00000000f0900000)
  from space 7680K, 77% used [0x00000000f1280000,0x00000000f184a8b8,0x00000000f1a00000)
  to   space 8704K, 0% used [0x00000000f0900000,0x00000000f0900000,0x00000000f1180000)
 ParOldGen       total 30720K, used 14244K [0x00000000c0000000, 0x00000000c1e00000, 0x00000000eab00000)
  object space 30720K, 46% used [0x00000000c0000000,0x00000000c0de91d8,0x00000000c1e00000)
 Metaspace       used 32166K, capacity 32808K, committed 32896K, reserved 1077248K
  class space    used 4251K, capacity 4410K, committed 4480K, reserved 1048576K
GC Heap History (10 events):
Event: 10.129 GC heap before
{Heap before GC invocations=11 (full 1):
 PSYoungGen      total 37376K, used 32552K [0x00000000eab00000, 0x00000000ee500000, 0x0000000100000000)
  eden space 30720K, 100% used [0x00000000eab00000,0x00000000ec900000,0x00000000ec900000)
  from space 6656K, 27% used [0x00000000ec900000,0x00000000ecaca0f8,0x00000000ecf80000)
  to   space 7168K, 0% used [0x00000000ede00000,0x00000000ede00000,0x00000000ee500000)
 ParOldGen       total 30720K, used 7768K [0x00000000c0000000, 0x00000000c1e00000, 0x00000000eab00000)
  object space 30720K, 25% used [0x00000000c0000000,0x00000000c0796138,0x00000000c1e00000)
 Metaspace       used 22250K, capacity 22682K, committed 23040K, reserved 1069056K
  class space    used 2859K, capacity 2988K, committed 3072K, reserved 1048576K
Event: 10.137 GC heap after
Heap after GC invocations=11 (full 1):
 PSYoungGen      total 52224K, used 1872K [0x00000000eab00000, 0x00000000ee580000, 0x0000000100000000)
  eden space 45056K, 0% used [0x00000000eab00000,0x00000000eab00000,0x00000000ed700000)
  from space 7168K, 26% used [0x00000000ede00000,0x00000000edfd4040,0x00000000ee500000)
  to   space 7168K, 0% used [0x00000000ed700000,0x00000000ed700000,0x00000000ede00000)
 ParOldGen       total 30720K, used 7768K [0x00000000c0000000, 0x00000000c1e00000, 0x00000000eab00000)
  object space 30720K, 25% used [0x00000000c0000000,0x00000000c0796138,0x00000000c1e00000)
 Metaspace       used 22250K, capacity 22682K, committed 23040K, reserved 1069056K
  class space    used 2859K, capacity 2988K, committed 3072K, reserved 1048576K
}
Event: 10.427 GC heap before
{Heap before GC invocations=12 (full 1):
 PSYoungGen      total 52224K, used 46928K [0x00000000eab00000, 0x00000000ee580000, 0x0000000100000000)
  eden space 45056K, 100% used [0x00000000eab00000,0x00000000ed700000,0x00000000ed700000)
  from space 7168K, 26% used [0x00000000ede00000,0x00000000edfd4040,0x00000000ee500000)
  to   space 7168K, 0% used [0x00000000ed700000,0x00000000ed700000,0x00000000ede00000)
 ParOldGen       total 30720K, used 7768K [0x00000000c0000000, 0x00000000c1e00000, 0x00000000eab00000)
  object space 30720K, 25% used [0x00000000c0000000,0x00000000c0796138,0x00000000c1e00000)
 Metaspace       used 22269K, capacity 22682K, committed 23040K, reserved 1069056K
  class space    used 2859K, capacity 2988K, committed 3072K, reserved 1048576K
Event: 10.433 GC heap after
Heap after GC invocations=12 (full 1):
 PSYoungGen      total 52224K, used 512K [0x00000000eab00000, 0x00000000efa80000, 0x0000000100000000)
  eden space 45056K, 0% used [0x00000000eab00000,0x00000000eab00000,0x00000000ed700000)
  from space 7168K, 7% used [0x00000000ed700000,0x00000000ed780000,0x00000000ede00000)
  to   space 7168K, 0% used [0x00000000ef380000,0x00000000ef380000,0x00000000efa80000)
 ParOldGen       total 30720K, used 9616K [0x00000000c0000000, 0x00000000c1e00000, 0x00000000eab00000)
  object space 30720K, 31% used [0x00000000c0000000,0x00000000c0964188,0x00000000c1e00000)
 Metaspace       used 22269K, capacity 22682K, committed 23040K, reserved 1069056K
  class space    used 2859K, capacity 2988K, committed 3072K, reserved 1048576K
}
Event: 10.687 GC heap before
{Heap before GC invocations=13 (full 1):
 PSYoungGen      total 52224K, used 45568K [0x00000000eab00000, 0x00000000efa80000, 0x0000000100000000)
  eden space 45056K, 100% used [0x00000000eab00000,0x00000000ed700000,0x00000000ed700000)
  from space 7168K, 7% used [0x00000000ed700000,0x00000000ed780000,0x00000000ede00000)
  to   space 7168K, 0% used [0x00000000ef380000,0x00000000ef380000,0x00000000efa80000)
 ParOldGen       total 30720K, used 9616K [0x00000000c0000000, 0x00000000c1e00000, 0x00000000eab00000)
  object space 30720K, 31% used [0x00000000c0000000,0x00000000c0964188,0x00000000c1e00000)
 Metaspace       used 22277K, capacity 22720K, committed 23040K, reserved 1069056K
  class space    used 2861K, capacity 3021K, committed 3072K, reserved 1048576K
Event: 10.693 GC heap after
Heap after GC invocations=13 (full 1):
 PSYoungGen      total 74240K, used 544K [0x00000000eab00000, 0x00000000efa80000, 0x0000000100000000)
  eden space 67072K, 0% used [0x00000000eab00000,0x00000000eab00000,0x00000000eec80000)
  from space 7168K, 7% used [0x00000000ef380000,0x00000000ef408010,0x00000000efa80000)
  to   space 7168K, 0% used [0x00000000eec80000,0x00000000eec80000,0x00000000ef380000)
 ParOldGen       total 30720K, used 10080K [0x00000000c0000000, 0x00000000c1e00000, 0x00000000eab00000)
  object space 30720K, 32% used [0x00000000c0000000,0x00000000c09d8188,0x00000000c1e00000)
 Metaspace       used 22277K, capacity 22720K, committed 23040K, reserved 1069056K
  class space    used 2861K, capacity 3021K, committed 3072K, reserved 1048576K
}
Event: 13.343 GC heap before
{Heap before GC invocations=14 (full 1):
 PSYoungGen      total 74240K, used 67616K [0x00000000eab00000, 0x00000000efa80000, 0x0000000100000000)
  eden space 67072K, 100% used [0x00000000eab00000,0x00000000eec80000,0x00000000eec80000)
  from space 7168K, 7% used [0x00000000ef380000,0x00000000ef408010,0x00000000efa80000)
  to   space 7168K, 0% used [0x00000000eec80000,0x00000000eec80000,0x00000000ef380000)
 ParOldGen       total 30720K, used 10080K [0x00000000c0000000, 0x00000000c1e00000, 0x00000000eab00000)
  object space 30720K, 32% used [0x00000000c0000000,0x00000000c09d8188,0x00000000c1e00000)
 Metaspace       used 24798K, capacity 25242K, committed 25472K, reserved 1071104K
  class space    used 3244K, capacity 3405K, committed 3456K, reserved 1048576K
Event: 13.351 GC heap after
Heap after GC invocations=14 (full 1):
 PSYoungGen      total 74240K, used 5800K [0x00000000eab00000, 0x00000000f1a80000, 0x0000000100000000)
  eden space 67072K, 0% used [0x00000000eab00000,0x00000000eab00000,0x00000000eec80000)
  from space 7168K, 80% used [0x00000000eec80000,0x00000000ef22a168,0x00000000ef380000)
  to   space 8192K, 0% used [0x00000000f1280000,0x00000000f1280000,0x00000000f1a80000)
 ParOldGen       total 30720K, used 10584K [0x00000000c0000000, 0x00000000c1e00000, 0x00000000eab00000)
  object space 30720K, 34% used [0x00000000c0000000,0x00000000c0a56198,0x00000000c1e00000)
 Metaspace       used 24798K, capacity 25242K, committed 25472K, reserved 1071104K
  class space    used 3244K, capacity 3405K, committed 3456K, reserved 1048576K
}
Event: 17.499 GC heap before
{Heap before GC invocations=15 (full 1):
 PSYoungGen      total 74240K, used 72872K [0x00000000eab00000, 0x00000000f1a80000, 0x0000000100000000)
  eden space 67072K, 100% used [0x00000000eab00000,0x00000000eec80000,0x00000000eec80000)
  from space 7168K, 80% used [0x00000000eec80000,0x00000000ef22a168,0x00000000ef380000)
  to   space 8192K, 0% used [0x00000000f1280000,0x00000000f1280000,0x00000000f1a80000)
 ParOldGen       total 30720K, used 10584K [0x00000000c0000000, 0x00000000c1e00000, 0x00000000eab00000)
  object space 30720K, 34% used [0x00000000c0000000,0x00000000c0a56198,0x00000000c1e00000)
 Metaspace       used 30030K, capacity 30604K, committed 30848K, reserved 1075200K
  class space    used 4000K, capacity 4162K, committed 4224K, reserved 1048576K
Event: 17.512 GC heap after
Heap after GC invocations=15 (full 1):
 PSYoungGen      total 103936K, used 5930K [0x00000000eab00000, 0x00000000f1a00000, 0x0000000100000000)
  eden space 96256K, 0% used [0x00000000eab00000,0x00000000eab00000,0x00000000f0900000)
  from space 7680K, 77% used [0x00000000f1280000,0x00000000f184a8b8,0x00000000f1a00000)
  to   space 8704K, 0% used [0x00000000f0900000,0x00000000f0900000,0x00000000f1180000)
 ParOldGen       total 30720K, used 14244K [0x00000000c0000000, 0x00000000c1e00000, 0x00000000eab00000)
  object space 30720K, 46% used [0x00000000c0000000,0x00000000c0de91d8,0x00000000c1e00000)
 Metaspace       used 30030K, capacity 30604K, committed 30848K, reserved 1075200K
  class space    used 4000K, capacity 4162K, committed 4224K, reserved 1048576K
}

